d:\users\usuario\documents\documentos universidad\octavo\computación gráfica\tetera\debug\vc142.pdb
d:\users\usuario\documents\documentos universidad\octavo\computación gráfica\tetera\debug\vc142.idb
d:\users\usuario\documents\documentos universidad\octavo\computación gráfica\tetera\debug\glapplication.obj
d:\users\usuario\documents\documentos universidad\octavo\computación gráfica\tetera\debug\glsl.obj
d:\users\usuario\documents\documentos universidad\octavo\computación gráfica\tetera\debug\glutwindow.obj
d:\users\usuario\documents\documentos universidad\octavo\computación gráfica\tetera\debug\glwindow.obj
d:\users\usuario\documents\documentos universidad\octavo\computación gráfica\tetera\debug\glm.obj
d:\users\usuario\documents\documentos universidad\octavo\computación gráfica\tetera\debug\main.obj
d:\users\usuario\documents\documentos universidad\octavo\computación gráfica\tetera\debug\freeglut_ext.obj
d:\users\usuario\documents\documentos universidad\octavo\computación gráfica\tetera\debug\freeglut_font.obj
d:\users\usuario\documents\documentos universidad\octavo\computación gráfica\tetera\debug\freeglut_font_data.obj
d:\users\usuario\documents\documentos universidad\octavo\computación gráfica\tetera\debug\freeglut_gamemode.obj
d:\users\usuario\documents\documentos universidad\octavo\computación gráfica\tetera\debug\freeglut_geometry.obj
d:\users\usuario\documents\documentos universidad\octavo\computación gráfica\tetera\debug\freeglut_glutfont_definitions.obj
d:\users\usuario\documents\documentos universidad\octavo\computación gráfica\tetera\debug\freeglut_init.obj
d:\users\usuario\documents\documentos universidad\octavo\computación gráfica\tetera\debug\freeglut_joystick.obj
d:\users\usuario\documents\documentos universidad\octavo\computación gráfica\tetera\debug\freeglut_main.obj
d:\users\usuario\documents\documentos universidad\octavo\computación gráfica\tetera\debug\freeglut_menu.obj
d:\users\usuario\documents\documentos universidad\octavo\computación gráfica\tetera\debug\freeglut_misc.obj
d:\users\usuario\documents\documentos universidad\octavo\computación gráfica\tetera\debug\freeglut_overlay.obj
d:\users\usuario\documents\documentos universidad\octavo\computación gráfica\tetera\debug\freeglut_state.obj
d:\users\usuario\documents\documentos universidad\octavo\computación gráfica\tetera\debug\freeglut_stroke_mono_roman.obj
d:\users\usuario\documents\documentos universidad\octavo\computación gráfica\tetera\debug\freeglut_stroke_roman.obj
d:\users\usuario\documents\documentos universidad\octavo\computación gráfica\tetera\debug\freeglut_structure.obj
d:\users\usuario\documents\documentos universidad\octavo\computación gráfica\tetera\debug\freeglut_teapot.obj
d:\users\usuario\documents\documentos universidad\octavo\computación gráfica\tetera\debug\freeglut_videoresize.obj
d:\users\usuario\documents\documentos universidad\octavo\computación gráfica\tetera\debug\freeglut_window.obj
d:\users\usuario\documents\documentos universidad\octavo\computación gráfica\tetera\debug\glew.obj
d:\users\usuario\documents\documentos universidad\octavo\computación gráfica\tetera\debug\freeglut_callbacks.obj
d:\users\usuario\documents\documentos universidad\octavo\computación gráfica\tetera\debug\freeglut_cursor.obj
d:\users\usuario\documents\documentos universidad\octavo\computación gráfica\tetera\debug\freeglut_display.obj
d:\users\usuario\documents\documentos universidad\octavo\computación gráfica\tetera\debug\templateproject.exe
d:\users\usuario\documents\documentos universidad\octavo\computación gráfica\tetera\debug\templateproject.ilk
d:\users\usuario\documents\documentos universidad\octavo\computación gráfica\tetera\debug\templateproject.pdb
d:\users\usuario\documents\documentos universidad\octavo\computación gráfica\tetera\debug\templateproject.tlog\cl.command.1.tlog
d:\users\usuario\documents\documentos universidad\octavo\computación gráfica\tetera\debug\templateproject.tlog\cl.read.1.tlog
d:\users\usuario\documents\documentos universidad\octavo\computación gráfica\tetera\debug\templateproject.tlog\cl.write.1.tlog
d:\users\usuario\documents\documentos universidad\octavo\computación gráfica\tetera\debug\templateproject.tlog\link.command.1.tlog
d:\users\usuario\documents\documentos universidad\octavo\computación gráfica\tetera\debug\templateproject.tlog\link.read.1.tlog
d:\users\usuario\documents\documentos universidad\octavo\computación gráfica\tetera\debug\templateproject.tlog\link.write.1.tlog
